<?xml version="1.0" encoding="utf-8"?><testsuites name="pytest tests"><testsuite name="pytest" errors="0" failures="0" skipped="0" tests="78" time="0.157" timestamp="2026-04-05T03:22:03.987116+00:00" hostname="cs-262122362481-default"><testcase classname="tests.contracts.test_pnl_parity.TestIntrinsicValueParity" name="test_call_itm_matches_typescript" time="0.001" /><testcase classname="tests.contracts.test_pnl_parity.TestIntrinsicValueParity" name="test_call_otm_matches_typescript" time="0.001" /><testcase classname="tests.contracts.test_pnl_parity.TestIntrinsicValueParity" name="test_put_itm_matches_typescript" time="0.001" /><testcase classname="tests.contracts.test_pnl_parity.TestIntrinsicValueParity" name="test_put_otm_matches_typescript" time="0.000" /><testcase classname="tests.contracts.test_pnl_parity.TestSingleLegPnLParity" name="test_long_call_itm_profit" time="0.000" /><testcase classname="tests.contracts.test_pnl_parity.TestSingleLegPnLParity" name="test_long_call_otm_loss" time="0.000" /><testcase classname="tests.contracts.test_pnl_parity.TestSingleLegPnLParity" name="test_short_call_otm_profit" time="0.000" /><testcase classname="tests.contracts.test_pnl_parity.TestSingleLegPnLParity" name="test_short_call_itm_loss" time="0.000" /><testcase classname="tests.contracts.test_pnl_parity.TestSingleLegPnLParity" name="test_long_put_itm_profit" time="0.001" /><testcase classname="tests.contracts.test_pnl_parity.TestSingleLegPnLParity" name="test_short_put_otm_profit" time="0.000" /><testcase classname="tests.contracts.test_pnl_parity.TestSingleLegPnLParity" name="test_multiple_contracts_scaling" time="0.000" /><testcase classname="tests.contracts.test_pnl_parity.TestVerticalSpreadsParity" name="test_bull_call_spread_max_profit" time="0.000" /><testcase classname="tests.contracts.test_pnl_parity.TestVerticalSpreadsParity" name="test_bull_call_spread_max_loss" time="0.000" /><testcase classname="tests.contracts.test_pnl_parity.TestVerticalSpreadsParity" name="test_bear_put_spread_max_profit" time="0.000" /><testcase classname="tests.contracts.test_pnl_parity.TestVerticalSpreadsParity" name="test_bull_put_spread_credit_received" time="0.000" /><testcase classname="tests.contracts.test_pnl_parity.TestVerticalSpreadsParity" name="test_bear_call_spread_credit_received" time="0.000" /><testcase classname="tests.contracts.test_pnl_parity.TestIronButterflyParity" name="test_iron_butterfly_max_profit" time="0.000" /><testcase classname="tests.contracts.test_pnl_parity.TestIronButterflyParity" name="test_iron_butterfly_max_loss_put_side" time="0.000" /><testcase classname="tests.contracts.test_pnl_parity.TestIronButterflyParity" name="test_iron_butterfly_max_loss_call_side" time="0.000" /><testcase classname="tests.contracts.test_pnl_parity.TestEdgeCasesParity" name="test_fractional_strikes_spx_style" time="0.001" /><testcase classname="tests.contracts.test_pnl_parity.TestEdgeCasesParity" name="test_at_the_money_exact" time="0.001" /><testcase classname="tests.contracts.test_pnl_parity.TestEdgeCasesParity" name="test_penny_stock_low_strike" time="0.000" /><testcase classname="tests.contracts.test_pnl_parity.TestEdgeCasesParity" name="test_very_high_strike_ndx" time="0.000" /><testcase classname="tests.contracts.test_pnl_parity.TestEdgeCasesParity" name="test_zero_premium_edge_case" time="0.000" /><testcase classname="tests.contracts.test_pnl_parity.TestEdgeCasesParity" name="test_negative_premium_abs_conversion" time="0.001" /><testcase classname="tests.contracts.test_pnl_parity.TestRealWorldProductionData" name="test_aapl_covered_call_scenario" time="0.000" /><testcase classname="tests.contracts.test_pnl_parity.TestRealWorldProductionData" name="test_spx_0dte_iron_condor" time="0.000" /><testcase classname="tests.contracts.test_pnl_parity.TestRealWorldProductionData" name="test_tsla_put_spread_multiple_contracts" time="0.000" /><testcase classname="tests.contracts.test_position_parity.TestPositionDirectionParity" name="test_long_position_positive_quantity" time="0.000" /><testcase classname="tests.contracts.test_position_parity.TestPositionDirectionParity" name="test_short_position_negative_quantity" time="0.001" /><testcase classname="tests.contracts.test_position_parity.TestPositionDirectionParity" name="test_fallback_to_quantity_field" time="0.000" /><testcase classname="tests.contracts.test_position_parity.TestPositionDirectionParity" name="test_zero_quantity_defaults_long" time="0.000" /><testcase classname="tests.contracts.test_position_parity.TestQuantityNormalizationParity" name="test_normalize_long_quantity" time="0.000" /><testcase classname="tests.contracts.test_position_parity.TestQuantityNormalizationParity" name="test_normalize_short_quantity" time="0.000" /><testcase classname="tests.contracts.test_position_parity.TestQuantityNormalizationParity" name="test_normalize_quantity_field" time="0.001" /><testcase classname="tests.contracts.test_position_parity.TestQuantityNormalizationParity" name="test_nested_instrument_quantity" time="0.000" /><testcase classname="tests.contracts.test_position_parity.TestQuantityNormalizationParity" name="test_missing_quantity_defaults_zero" time="0.000" /><testcase classname="tests.contracts.test_position_parity.TestQuantityNormalizationParity" name="test_null_quantity_handled" time="0.000" /><testcase classname="tests.contracts.test_position_parity.TestCreditDebitClassificationParity" name="test_debit_spread_classification" time="0.000" /><testcase classname="tests.contracts.test_position_parity.TestCreditDebitClassificationParity" name="test_credit_spread_classification" time="0.000" /><testcase classname="tests.contracts.test_position_parity.TestCreditDebitClassificationParity" name="test_iron_butterfly_credit" time="0.000" /><testcase classname="tests.contracts.test_position_parity.TestCreditDebitClassificationParity" name="test_multiple_contracts_scaling" time="0.001" /><testcase classname="tests.contracts.test_position_parity.TestCreditDebitClassificationParity" name="test_zero_net_neutral" time="0.000" /><testcase classname="tests.contracts.test_position_parity.TestCreditDebitClassificationParity" name="test_missing_premium_data" time="0.001" /><testcase classname="tests.contracts.test_position_parity.TestCreditStrategyDetectionParity" name="test_iron_butterfly_is_credit" time="0.000" /><testcase classname="tests.contracts.test_position_parity.TestCreditStrategyDetectionParity" name="test_iron_condor_is_credit" time="0.000" /><testcase classname="tests.contracts.test_position_parity.TestCreditStrategyDetectionParity" name="test_credit_spread_is_credit" time="0.000" /><testcase classname="tests.contracts.test_position_parity.TestCreditStrategyDetectionParity" name="test_short_call_spread_is_credit" time="0.001" /><testcase classname="tests.contracts.test_position_parity.TestCreditStrategyDetectionParity" name="test_short_put_spread_is_credit" time="0.001" /><testcase classname="tests.contracts.test_position_parity.TestCreditStrategyDetectionParity" name="test_short_option_is_credit" time="0.001" /><testcase classname="tests.contracts.test_position_parity.TestCreditStrategyDetectionParity" name="test_long_call_spread_not_credit" time="0.001" /><testcase classname="tests.contracts.test_position_parity.TestCreditStrategyDetectionParity" name="test_long_option_not_credit" time="0.001" /><testcase classname="tests.contracts.test_position_parity.TestCreditStrategyDetectionParity" name="test_vertical_spread_ambiguous" time="0.001" /><testcase classname="tests.contracts.test_position_parity.TestRealWorldPositionClassification" name="test_schwab_api_long_position" time="0.001" /><testcase classname="tests.contracts.test_position_parity.TestRealWorldPositionClassification" name="test_schwab_api_short_option" time="0.001" /><testcase classname="tests.contracts.test_position_parity.TestRealWorldPositionClassification" name="test_iron_butterfly_legs_classification" time="0.001" /><testcase classname="tests.contracts.test_position_parity.TestRealWorldPositionClassification" name="test_covered_call_single_leg" time="0.001" /><testcase classname="tests.contracts.test_position_parity.TestEdgeCasesPositionClassification" name="test_fractional_quantities" time="0.001" /><testcase classname="tests.contracts.test_position_parity.TestEdgeCasesPositionClassification" name="test_very_large_quantities" time="0.001" /><testcase classname="tests.contracts.test_position_parity.TestEdgeCasesPositionClassification" name="test_mixed_long_short_warning" time="0.001" /><testcase classname="tests.contracts.test_position_parity.TestEdgeCasesPositionClassification" name="test_empty_legs_array" time="0.001" /><testcase classname="tests.contracts.test_position_parity.TestEdgeCasesPositionClassification" name="test_case_insensitive_strategy_names" time="0.001" /><testcase classname="tests.contracts.test_strategy_parity.TestVerticalSpreadDetection" name="test_bull_call_spread_detection" time="0.001" /><testcase classname="tests.contracts.test_strategy_parity.TestVerticalSpreadDetection" name="test_bear_put_spread_detection" time="0.001" /><testcase classname="tests.contracts.test_strategy_parity.TestVerticalSpreadDetection" name="test_bull_put_spread_credit_spread" time="0.001" /><testcase classname="tests.contracts.test_strategy_parity.TestVerticalSpreadDetection" name="test_bear_call_spread_credit_spread" time="0.001" /><testcase classname="tests.contracts.test_strategy_parity.TestIronButterflyDetection" name="test_iron_butterfly_perfect_structure" time="0.001" /><testcase classname="tests.contracts.test_strategy_parity.TestIronButterflyDetection" name="test_iron_butterfly_asymmetric_wings" time="0.001" /><testcase classname="tests.contracts.test_strategy_parity.TestIronButterflyDetection" name="test_iron_butterfly_vs_iron_condor" time="0.001" /><testcase classname="tests.contracts.test_strategy_parity.TestMultiStrategyDetection" name="test_detect_single_strategy_from_positions" time="0.001" /><testcase classname="tests.contracts.test_strategy_parity.TestMultiStrategyDetection" name="test_detect_multiple_strategies_same_underlying" time="0.001" /><testcase classname="tests.contracts.test_strategy_parity.TestMultiStrategyDetection" name="test_detect_iron_butterfly_from_positions" time="0.001" /><testcase classname="tests.contracts.test_strategy_parity.TestEdgeCasesStrategyDetection" name="test_single_leg_not_a_strategy" time="0.001" /><testcase classname="tests.contracts.test_strategy_parity.TestEdgeCasesStrategyDetection" name="test_mismatched_expiration_not_strategy" time="0.001" /><testcase classname="tests.contracts.test_strategy_parity.TestEdgeCasesStrategyDetection" name="test_same_side_not_spread" time="0.001" /><testcase classname="tests.contracts.test_strategy_parity.TestEdgeCasesStrategyDetection" name="test_unbalanced_quantities_lower_confidence" time="0.001" /><testcase classname="tests.contracts.test_strategy_parity.TestRealWorldStrategyScenarios" name="test_real_aapl_covered_call" time="0.001" /><testcase classname="tests.contracts.test_strategy_parity.TestRealWorldStrategyScenarios" name="test_real_spx_0dte_iron_butterfly" time="0.001" /></testsuite></testsuites>